<?xml version="1.0" encoding="UTF-8"?>
<testng-results ignored="0" total="1" passed="1" failed="0" skipped="0">
  <reporter-output>
  </reporter-output>
  <suite started-at="2025-05-14T07:09:16 IST" name="Default suite" finished-at="2025-05-14T07:11:44 IST" duration-ms="147523">
    <groups>
    </groups>
    <test started-at="2025-05-14T07:09:16 IST" name="Default test" finished-at="2025-05-14T07:11:44 IST" duration-ms="147523">
      <class name="com.orangeHRM.test.BaseTest">
        <test-method is-config="true" signature="setup()[pri:0, instance:com.orangeHRM.test.BaseTest@7b98f307]" started-at="2025-05-14T07:09:16 IST" name="setup" finished-at="2025-05-14T07:11:43 IST" duration-ms="147325" status="PASS">
          <reporter-output>
          </reporter-output>
        </test-method> <!-- setup -->
        <test-method signature="setupTest()[pri:0, instance:com.orangeHRM.test.BaseTest@7b98f307]" started-at="2025-05-14T07:11:43 IST" name="setupTest" finished-at="2025-05-14T07:11:44 IST" duration-ms="90" status="PASS">
          <reporter-output>
          </reporter-output>
        </test-method> <!-- setupTest -->
      </class> <!-- com.orangeHRM.test.BaseTest -->
    </test> <!-- Default test -->
  </suite> <!-- Default suite -->
</testng-results>
